

Microchip MPLAB XC8 Assembler V2.10 build 88905656 
                                                                                               Mon Feb 10 20:47:28 2020

Microchip MPLAB XC8 C Compiler v2.10 (Free license) build 20190730164152 Og1 
     1                           	processor	18F452
     2                           	fnconf	rparam,??,?,0
     3                           	opt	pw 120
     4                           	opt	flic
     5                           	psect	cinit,global,reloc=2,class=CODE,delta=1
     6                           	psect	cstackCOMRAM,global,class=COMRAM,space=1,delta=1,noexec
     7                           	psect	text0,global,reloc=2,class=CODE,delta=1
     8                           	psect	text1,global,reloc=2,class=CODE,delta=1
     9                           	psect	intsave_regs,global,class=BIGRAM,space=1,delta=1,noexec
    10                           	psect	rparam,global,class=COMRAM,space=1,delta=1,noexec
    11  0000                     
    12                           ; Version 2.10
    13                           ; Generated 31/07/2019 GMT
    14                           ; 
    15                           ; Copyright © 2019, Microchip Technology Inc. and its subsidiaries ("Microchip")
    16                           ; All rights reserved.
    17                           ; 
    18                           ; This software is developed by Microchip Technology Inc. and its subsidiaries ("Microch
      +                          ip").
    19                           ; 
    20                           ; Redistribution and use in source and binary forms, with or without modification, are
    21                           ; permitted provided that the following conditions are met:
    22                           ; 
    23                           ;     1. Redistributions of source code must retain the above copyright notice, this lis
      +                          t of
    24                           ;        conditions and the following disclaimer.
    25                           ; 
    26                           ;     2. Redistributions in binary form must reproduce the above copyright notice, this 
      +                          list
    27                           ;        of conditions and the following disclaimer in the documentation and/or other
    28                           ;        materials provided with the distribution.
    29                           ; 
    30                           ;     3. Microchip's name may not be used to endorse or promote products derived from th
      +                          is
    31                           ;        software without specific prior written permission.
    32                           ; 
    33                           ; THIS SOFTWARE IS PROVIDED BY MICROCHIP "AS IS" AND ANY EXPRESS OR IMPLIED WARRANTIES,
    34                           ; INCLUDING, BUT NOT LIMITED TO, THE IMPLIED WARRANTIES OF MERCHANTABILITY AND FITNESS F
      +                          OR
    35                           ; PURPOSE ARE DISCLAIMED.  IN NO EVENT SHALL MICROCHIP BE LIABLE FOR ANY DIRECT, INDIREC
      +                          T,
    36                           ; INCIDENTAL, SPECIAL, EXEMPLARY, OR CONSEQUENTIAL DAMAGES (INCLUDING BUT NOT LIMITED TO
    37                           ; PROCUREMENT OF SUBSTITUTE GOODS OR SERVICES; LOSS OF USE, DATA OR PROFITS; OR BUSINESS
    38                           ; INTERRUPTION) HOWSOEVER CAUSED AND ON ANY THEORY OF LIABILITY, WHETHER IN CONTRACT, ST
      +                          RICT
    39                           ; LIABILITY, OR TORT (INCLUDING NEGLIGENCE OR OTHERWISE) ARISING IN ANY WAY OUT OF THE U
      +                          SE OF
    40                           ; THIS SOFTWARE, EVEN IF ADVISED OF THE POSSIBILITY OF SUCH DAMAGE.
    41                           ; 
    42                           ; 
    43                           ; Code-generator required, PIC18F452 Definitions
    44                           ; 
    45                           ; SFR Addresses
    46  0000                     _PORTB	set	3969
    47  0000                     _LATB	set	3978
    48  0000                     _TRISB	set	3987
    49                           
    50                           ; #config settings
    51                           
    52                           	psect	cinit
    53  003FD6                     __pcinit:
    54                           	opt callstack 0
    55  003FD6                     start_initialization:
    56                           	opt callstack 0
    57  003FD6                     __initialization:
    58                           	opt callstack 0
    59  003FD6                     end_of_initialization:
    60                           	opt callstack 0
    61  003FD6                     __end_of__initialization:
    62                           	opt callstack 0
    63  003FD6  0100               	movlb	0
    64  003FD8  EFEE  F01F         	goto	_main	;jump to C main() function
    65                           
    66                           	psect	cstackCOMRAM
    67  000000                     __pcstackCOMRAM:
    68                           	opt callstack 0
    69  000000                     
    70                           ; 1 bytes @ 0x0
    71 ;;
    72 ;;Main: autosize = 0, tempsize = 0, incstack = 0, save=0
    73 ;;
    74 ;; *************** function _main *****************
    75 ;; Defined at:
    76 ;;		line 12 in file "main.c"
    77 ;; Parameters:    Size  Location     Type
    78 ;;		None
    79 ;; Auto vars:     Size  Location     Type
    80 ;;		None
    81 ;; Return value:  Size  Location     Type
    82 ;;                  1    wreg      void 
    83 ;; Registers used:
    84 ;;		wreg, status,2, cstack
    85 ;; Tracked objects:
    86 ;;		On entry : 0/0
    87 ;;		On exit  : 0/0
    88 ;;		Unchanged: 0/0
    89 ;; Data sizes:     COMRAM   BANK0   BANK1   BANK2   BANK3   BANK4   BANK5
    90 ;;      Params:         0       0       0       0       0       0       0
    91 ;;      Locals:         0       0       0       0       0       0       0
    92 ;;      Temps:          0       0       0       0       0       0       0
    93 ;;      Totals:         0       0       0       0       0       0       0
    94 ;;Total ram usage:        0 bytes
    95 ;; Hardware stack levels required when called:    1
    96 ;; This function calls:
    97 ;;		_init_config
    98 ;; This function is called by:
    99 ;;		Startup code after reset
   100 ;; This function uses a non-reentrant model
   101 ;;
   102                           
   103                           	psect	text0
   104  003FDC                     __ptext0:
   105                           	opt callstack 0
   106  003FDC                     _main:
   107                           	opt callstack 30
   108  003FDC  FFFF               	dw	65535	; assembler added errata NOP
   109                           
   110                           ;main.c: 13:     init_config();
   111  003FDE  ECF6  F01F         	call	_init_config	;wreg free
   112  003FE2                     l13:
   113  003FE2  FFFF               	dw	65535	; assembler added errata NOP
   114  003FE4  EFF1  F01F         	goto	l13
   115  003FE8  EF01  F000         	goto	start
   116  003FEC                     __end_of_main:
   117                           	opt callstack 0
   118                           
   119 ;; *************** function _init_config *****************
   120 ;; Defined at:
   121 ;;		line 19 in file "main.c"
   122 ;; Parameters:    Size  Location     Type
   123 ;;		None
   124 ;; Auto vars:     Size  Location     Type
   125 ;;		None
   126 ;; Return value:  Size  Location     Type
   127 ;;                  1    wreg      void 
   128 ;; Registers used:
   129 ;;		wreg, status,2
   130 ;; Tracked objects:
   131 ;;		On entry : 0/0
   132 ;;		On exit  : 0/0
   133 ;;		Unchanged: 0/0
   134 ;; Data sizes:     COMRAM   BANK0   BANK1   BANK2   BANK3   BANK4   BANK5
   135 ;;      Params:         0       0       0       0       0       0       0
   136 ;;      Locals:         0       0       0       0       0       0       0
   137 ;;      Temps:          0       0       0       0       0       0       0
   138 ;;      Totals:         0       0       0       0       0       0       0
   139 ;;Total ram usage:        0 bytes
   140 ;; Hardware stack levels used:    1
   141 ;; This function calls:
   142 ;;		Nothing
   143 ;; This function is called by:
   144 ;;		_main
   145 ;; This function uses a non-reentrant model
   146 ;;
   147                           
   148                           	psect	text1
   149  003FEC                     __ptext1:
   150                           	opt callstack 0
   151  003FEC                     _init_config:
   152                           	opt callstack 0
   153  003FEC  FFFF               	dw	65535	; assembler added errata NOP
   154  003FEE                     
   155                           ;main.c: 20:     TRISB = 0B00000000;
   156  003FEE  0E00               	movlw	0
   157  003FF0  6E93               	movwf	147,c	;volatile
   158                           
   159                           ;main.c: 21:     LATB = 0;
   160  003FF2  0E00               	movlw	0
   161  003FF4  6E8A               	movwf	138,c	;volatile
   162                           
   163                           ;main.c: 22:     PORTB = 0;
   164  003FF6  0E00               	movlw	0
   165  003FF8  6E81               	movwf	129,c	;volatile
   166  003FFA  0012               	return		;funcret
   167  003FFC  FFFF               	dw	65535	; errata NOP
   168  003FFE                     __end_of_init_config:
   169                           	opt callstack 0
   170  003FFE  FFFF               	dw	65535	; assembler added errata NOP
   171                           
   172                           	psect	rparam
   173  0000                     tosu	equ	0xFFF
   174                           tosh	equ	0xFFE
   175                           tosl	equ	0xFFD
   176                           stkptr	equ	0xFFC
   177                           pclatu	equ	0xFFB
   178                           pclath	equ	0xFFA
   179                           pcl	equ	0xFF9
   180                           tblptru	equ	0xFF8
   181                           tblptrh	equ	0xFF7
   182                           tblptrl	equ	0xFF6
   183                           tablat	equ	0xFF5
   184                           prodh	equ	0xFF4
   185                           prodl	equ	0xFF3
   186                           indf0	equ	0xFEF
   187                           postinc0	equ	0xFEE
   188                           postdec0	equ	0xFED
   189                           preinc0	equ	0xFEC
   190                           plusw0	equ	0xFEB
   191                           fsr0h	equ	0xFEA
   192                           fsr0l	equ	0xFE9
   193                           wreg	equ	0xFE8
   194                           indf1	equ	0xFE7
   195                           postinc1	equ	0xFE6
   196                           postdec1	equ	0xFE5
   197                           preinc1	equ	0xFE4
   198                           plusw1	equ	0xFE3
   199                           fsr1h	equ	0xFE2
   200                           fsr1l	equ	0xFE1
   201                           bsr	equ	0xFE0
   202                           indf2	equ	0xFDF
   203                           postinc2	equ	0xFDE
   204                           postdec2	equ	0xFDD
   205                           preinc2	equ	0xFDC
   206                           plusw2	equ	0xFDB
   207                           fsr2h	equ	0xFDA
   208                           fsr2l	equ	0xFD9
   209                           status	equ	0xFD8


Data Sizes:
    Strings     0
    Constant    0
    Data        0
    BSS         0
    Persistent  0
    Stack       0

Auto Spaces:
    Space          Size  Autos    Used
    COMRAM          127      0       0
    BANK0           128      0       0
    BANK1           256      0       0
    BANK2           256      0       0
    BANK3           256      0       0
    BANK4           256      0       0
    BANK5           256      0       0

Pointer List with Targets:

    None.

Critical Paths under _main in COMRAM

    None.

Critical Paths under _main in BANK0

    None.

Critical Paths under _main in BANK1

    None.

Critical Paths under _main in BANK2

    None.

Critical Paths under _main in BANK3

    None.

Critical Paths under _main in BANK4

    None.

Critical Paths under _main in BANK5

    None.

Call Graph Tables:

 ---------------------------------------------------------------------------------
 (Depth) Function   	        Calls       Base Space   Used Autos Params    Refs
 ---------------------------------------------------------------------------------
 (0) _main                                                 0     0      0       0
                        _init_config
 ---------------------------------------------------------------------------------
 (1) _init_config                                          0     0      0       0
 ---------------------------------------------------------------------------------
 Estimated maximum stack depth 1
 ---------------------------------------------------------------------------------

 Call Graph Graphs:

 _main (ROOT)
   _init_config

 Address spaces:
Name               Size   Autos  Total    Cost      Usage
BITCOMRAM           7F      0       0       0        0.0%
EEDATA             100      0       0       0        0.0%
NULL                 0      0       0       0        0.0%
CODE                 0      0       0       0        0.0%
COMRAM              7F      0       0       1        0.0%
STACK                0      0       0       2        0.0%
DATA                 0      0       0       3        0.0%
BITBANK0            80      0       0       4        0.0%
BANK0               80      0       0       5        0.0%
BITBANK1           100      0       0       6        0.0%
BANK1              100      0       0       7        0.0%
BITBANK2           100      0       0       8        0.0%
BANK2              100      0       0       9        0.0%
BITBANK3           100      0       0      10        0.0%
BANK3              100      0       0      11        0.0%
BITBANK4           100      0       0      12        0.0%
BANK4              100      0       0      13        0.0%
BANK5              100      0       0      14        0.0%
ABS                  0      0       0      15        0.0%
BITBANK5           100      0       0      16        0.0%
BIGRAM             5FF      0       0      17        0.0%
BITSFR               0      0       0     200        0.0%
SFR                  0      0       0     200        0.0%


Microchip Technology PIC18 Macro Assembler V2.10 build 88905656 
Symbol Table                                                                                   Mon Feb 10 20:47:28 2020

                                                               l13 3FE2  
                                                               l14 3FE4  
                                                               l19 3FFA  
                                                              l695 3FEE  
                                                              l697 3FDC  
                                                             _LATB 000F8A  
                                                             _main 3FDC  
                                                             start 0002  
                                                     ___param_bank 000000  
                                                            ?_main 0000  
                                                     ?_init_config 0000  
                                                            _PORTB 000F81  
                                                            _TRISB 000F93  
                                                  __initialization 3FD6  
                                                     __end_of_main 3FEC  
                                                           ??_main 0000  
                                                    __activetblptr 000000  
                                                       __accesstop 0080  
                                          __end_of__initialization 3FD6  
                                                    ___rparam_used 000001  
                                                   __pcstackCOMRAM 0000  
                                             __size_of_init_config 0012  
                                                          __Hparam 0000  
                                                          __Lparam 0000  
                                                          __pcinit 3FD6  
                                                          __ramtop 0600  
                                                          __ptext0 3FDC  
                                                          __ptext1 3FEC  
                                             end_of_initialization 3FD6  
                                              start_initialization 3FD6  
                                                    ??_init_config 0000  
                                              __end_of_init_config 3FFE  
                                                         __Hrparam 0000  
                                                         __Lrparam 0000  
                                                      _init_config 3FEC  
                                                    __size_of_main 0010  
