

Microchip MPLAB XC8 Assembler V2.05 build -831301201 
                                                                                               Fri Apr 24 21:56:12 2020

Microchip MPLAB XC8 C Compiler v2.05 (Free license) build 20181220022703 Og1 
     1                           	processor	18F452
     2                           	fnconf	rparam,??,?,0
     3                           	opt	pw 120
     4                           	opt	flic
     5                           	psect	cinit,global,reloc=2,class=CODE,delta=1
     6                           	psect	cstackCOMRAM,global,class=COMRAM,space=1,delta=1,noexec
     7                           	psect	text0,global,reloc=2,class=CODE,delta=1
     8                           	psect	intsave_regs,global,class=BIGRAM,space=1,delta=1,noexec
     9                           	psect	rparam,global,class=COMRAM,space=1,delta=1,noexec
    10  0000                     
    11                           ; Version 2.05
    12                           ; Generated 20/12/2018 GMT
    13                           ; 
    14                           ; Copyright © 2018, Microchip Technology Inc. and its subsidiaries ("Microchip")
    15                           ; All rights reserved.
    16                           ; 
    17                           ; This software is developed by Microchip Technology Inc. and its subsidiaries ("Microch
      +                          ip").
    18                           ; 
    19                           ; Redistribution and use in source and binary forms, with or without modification, are
    20                           ; permitted provided that the following conditions are met:
    21                           ; 
    22                           ;     1. Redistributions of source code must retain the above copyright notice, this lis
      +                          t of
    23                           ;        conditions and the following disclaimer.
    24                           ; 
    25                           ;     2. Redistributions in binary form must reproduce the above copyright notice, this 
      +                          list
    26                           ;        of conditions and the following disclaimer in the documentation and/or other
    27                           ;        materials provided with the distribution.
    28                           ; 
    29                           ;     3. Microchip's name may not be used to endorse or promote products derived from th
      +                          is
    30                           ;        software without specific prior written permission.
    31                           ; 
    32                           ; THIS SOFTWARE IS PROVIDED BY MICROCHIP "AS IS" AND ANY EXPRESS OR IMPLIED WARRANTIES,
    33                           ; INCLUDING, BUT NOT LIMITED TO, THE IMPLIED WARRANTIES OF MERCHANTABILITY AND FITNESS F
      +                          OR
    34                           ; PURPOSE ARE DISCLAIMED.  IN NO EVENT SHALL MICROCHIP BE LIABLE FOR ANY DIRECT, INDIREC
      +                          T,
    35                           ; INCIDENTAL, SPECIAL, EXEMPLARY, OR CONSEQUENTIAL DAMAGES (INCLUDING BUT NOT LIMITED TO
    36                           ; PROCUREMENT OF SUBSTITUTE GOODS OR SERVICES; LOSS OF USE, DATA OR PROFITS; OR BUSINESS
    37                           ; INTERRUPTION) HOWSOEVER CAUSED AND ON ANY THEORY OF LIABILITY, WHETHER IN CONTRACT, ST
      +                          RICT
    38                           ; LIABILITY, OR TORT (INCLUDING NEGLIGENCE OR OTHERWISE) ARISING IN ANY WAY OUT OF THE U
      +                          SE OF
    39                           ; THIS SOFTWARE, EVEN IF ADVISED OF THE POSSIBILITY OF SUCH DAMAGE.
    40                           ; 
    41                           ; 
    42                           ; Code-generator required, PIC18F452 Definitions
    43                           ; 
    44                           ; SFR Addresses
    45  0000                     
    46                           ; #config settings
    47  0000                     
    48                           	psect	cinit
    49  003FF2                     __pcinit:
    50                           	opt callstack 0
    51  003FF2                     start_initialization:
    52                           	opt callstack 0
    53  003FF2                     __initialization:
    54                           	opt callstack 0
    55  003FF2                     end_of_initialization:
    56                           	opt callstack 0
    57  003FF2                     __end_of__initialization:
    58                           	opt callstack 0
    59  003FF2  0100               	movlb	0
    60  003FF4  EFFC  F01F         	goto	_main	;jump to C main() function
    61                           
    62                           	psect	cstackCOMRAM
    63  000000                     __pcstackCOMRAM:
    64                           	opt callstack 0
    65  000000                     
    66                           ; 1 bytes @ 0x0
    67 ;;
    68 ;;Main: autosize = 0, tempsize = 0, incstack = 0, save=0
    69 ;;
    70 ;; *************** function _main *****************
    71 ;; Defined at:
    72 ;;		line 18 in file "main.c"
    73 ;; Parameters:    Size  Location     Type
    74 ;;		None
    75 ;; Auto vars:     Size  Location     Type
    76 ;;		None
    77 ;; Return value:  Size  Location     Type
    78 ;;                  1    wreg      void 
    79 ;; Registers used:
    80 ;;		None
    81 ;; Tracked objects:
    82 ;;		On entry : 0/0
    83 ;;		On exit  : 0/0
    84 ;;		Unchanged: 0/0
    85 ;; Data sizes:     COMRAM   BANK0   BANK1   BANK2   BANK3   BANK4   BANK5
    86 ;;      Params:         0       0       0       0       0       0       0
    87 ;;      Locals:         0       0       0       0       0       0       0
    88 ;;      Temps:          0       0       0       0       0       0       0
    89 ;;      Totals:         0       0       0       0       0       0       0
    90 ;;Total ram usage:        0 bytes
    91 ;; This function calls:
    92 ;;		Nothing
    93 ;; This function is called by:
    94 ;;		Startup code after reset
    95 ;; This function uses a non-reentrant model
    96 ;;
    97                           
    98                           	psect	text0
    99  003FF8                     __ptext0:
   100                           	opt callstack 0
   101  003FF8                     _main:
   102                           	opt callstack 0
   103  003FF8  FFFF               	dw	65535	; assembler added errata NOP
   104                           
   105                           ;main.c: 19: return;
   106                           
   107                           ;incstack = 0
   108  003FFA  EF01  F000         	goto	start
   109  003FFE                     __end_of_main:
   110                           	opt callstack 0
   111  003FFE  FFFF               	dw	65535	; assembler added errata NOP
   112                           
   113                           	psect	rparam
   114  0000                     tosu	equ	0xFFF
   115                           tosh	equ	0xFFE
   116                           tosl	equ	0xFFD
   117                           stkptr	equ	0xFFC
   118                           pclatu	equ	0xFFB
   119                           pclath	equ	0xFFA
   120                           pcl	equ	0xFF9
   121                           tblptru	equ	0xFF8
   122                           tblptrh	equ	0xFF7
   123                           tblptrl	equ	0xFF6
   124                           tablat	equ	0xFF5
   125                           prodh	equ	0xFF4
   126                           prodl	equ	0xFF3
   127                           indf0	equ	0xFEF
   128                           postinc0	equ	0xFEE
   129                           postdec0	equ	0xFED
   130                           preinc0	equ	0xFEC
   131                           plusw0	equ	0xFEB
   132                           fsr0h	equ	0xFEA
   133                           fsr0l	equ	0xFE9
   134                           wreg	equ	0xFE8
   135                           indf1	equ	0xFE7
   136                           postinc1	equ	0xFE6
   137                           postdec1	equ	0xFE5
   138                           preinc1	equ	0xFE4
   139                           plusw1	equ	0xFE3
   140                           fsr1h	equ	0xFE2
   141                           fsr1l	equ	0xFE1
   142                           bsr	equ	0xFE0
   143                           indf2	equ	0xFDF
   144                           postinc2	equ	0xFDE
   145                           postdec2	equ	0xFDD
   146                           preinc2	equ	0xFDC
   147                           plusw2	equ	0xFDB
   148                           fsr2h	equ	0xFDA
   149                           fsr2l	equ	0xFD9
   150                           status	equ	0xFD8


Data Sizes:
    Strings     0
    Constant    0
    Data        0
    BSS         0
    Persistent  0
    Stack       0

Auto Spaces:
    Space          Size  Autos    Used
    COMRAM          127      0       0
    BANK0           128      0       0
    BANK1           256      0       0
    BANK2           256      0       0
    BANK3           256      0       0
    BANK4           256      0       0
    BANK5           256      0       0

Pointer List with Targets:

    None.

Critical Paths under _main in COMRAM

    None.

Critical Paths under _main in BANK0

    None.

Critical Paths under _main in BANK1

    None.

Critical Paths under _main in BANK2

    None.

Critical Paths under _main in BANK3

    None.

Critical Paths under _main in BANK4

    None.

Critical Paths under _main in BANK5

    None.

Call Graph Tables:

 ---------------------------------------------------------------------------------
 (Depth) Function   	        Calls       Base Space   Used Autos Params    Refs
 ---------------------------------------------------------------------------------
 (0) _main                                                 0     0      0       0
 ---------------------------------------------------------------------------------
 Estimated maximum stack depth 0
 ---------------------------------------------------------------------------------

 Call Graph Graphs:

 _main (ROOT)

 Address spaces:
Name               Size   Autos  Total    Cost      Usage
BITCOMRAM           7F      0       0       0        0.0%
EEDATA             100      0       0       0        0.0%
NULL                 0      0       0       0        0.0%
CODE                 0      0       0       0        0.0%
COMRAM              7F      0       0       1        0.0%
STACK                0      0       0       2        0.0%
DATA                 0      0       0       3        0.0%
BITBANK0            80      0       0       4        0.0%
BANK0               80      0       0       5        0.0%
BITBANK1           100      0       0       6        0.0%
BANK1              100      0       0       7        0.0%
BITBANK2           100      0       0       8        0.0%
BANK2              100      0       0       9        0.0%
BITBANK3           100      0       0      10        0.0%
BANK3              100      0       0      11        0.0%
BITBANK4           100      0       0      12        0.0%
BANK4              100      0       0      13        0.0%
BANK5              100      0       0      14        0.0%
ABS                  0      0       0      15        0.0%
BITBANK5           100      0       0      16        0.0%
BIGRAM             5FF      0       0      17        0.0%
BITSFR               0      0       0     200        0.0%
SFR                  0      0       0     200        0.0%


Microchip Technology PIC18 Macro Assembler V2.05 build -831301201 
Symbol Table                                                                                   Fri Apr 24 21:56:12 2020

                                                       __CFG_OSC$XT 000000  
                                                      __CFG_BOR$OFF 000000  
                                                      __CFG_LVP$OFF 000000  
                                                      __CFG_WDT$OFF 000000  
                                                      __CFG_PWRT$ON 000000  
                                                              _main 3FF8  
                                                              start 0002  
                                                      ___param_bank 000000  
                                                             ?_main 0000  
                                                   __initialization 3FF2  
                                                      __end_of_main 3FFE  
                                                            ??_main 0000  
                                                     __activetblptr 000000  
                                                        __accesstop 0080  
                                           __end_of__initialization 3FF2  
                                                     ___rparam_used 000001  
                                                    __pcstackCOMRAM 0000  
                                                           __Hparam 0000  
                                                           __Lparam 0000  
                                                           __pcinit 3FF2  
                                                           __ramtop 0600  
                                                           __ptext0 3FF8  
                                              end_of_initialization 3FF2  
                                               start_initialization 3FF2  
                                                          __Hrparam 0000  
                                                          __Lrparam 0000  
                                                     __size_of_main 0006  
